<?xml version="1.0" encoding="UTF-8"?>
<testsuite name="com.springboot.book.web.IndexControllerTest" tests="1" skipped="0" failures="0" errors="0" timestamp="2021-05-24T15:21:46" hostname="gimsuhyeon-ui-MacBookAir.local" time="0.484">
  <properties/>
  <testcase name="메인페이지_로딩" classname="com.springboot.book.web.IndexControllerTest" time="0.484"/>
  <system-out><![CDATA[2021-05-25 00:21:39.747  INFO 23285 --- [    Test worker] .b.t.c.SpringBootTestContextBootstrapper : Neither @ContextConfiguration nor @ContextHierarchy found for test class [com.springboot.book.web.IndexControllerTest], using SpringBootContextLoader
2021-05-25 00:21:39.750  INFO 23285 --- [    Test worker] o.s.t.c.support.AbstractContextLoader    : Could not detect default resource locations for test class [com.springboot.book.web.IndexControllerTest]: no resource found for suffixes {-context.xml, Context.groovy}.
2021-05-25 00:21:39.750  INFO 23285 --- [    Test worker] t.c.s.AnnotationConfigContextLoaderUtils : Could not detect default configuration classes for test class [com.springboot.book.web.IndexControllerTest]: IndexControllerTest does not declare any static, non-private, non-final, nested classes annotated with @Configuration.
2021-05-25 00:21:39.758  INFO 23285 --- [    Test worker] .b.t.c.SpringBootTestContextBootstrapper : Found @SpringBootConfiguration com.springboot.book.Application for test class com.springboot.book.web.IndexControllerTest
2021-05-25 00:21:39.768  INFO 23285 --- [    Test worker] .b.t.c.SpringBootTestContextBootstrapper : Loaded default TestExecutionListener class names from location [META-INF/spring.factories]: [org.springframework.security.test.context.support.WithSecurityContextTestExecutionListener, org.springframework.security.test.context.support.ReactorContextTestExecutionListener, org.springframework.boot.test.autoconfigure.restdocs.RestDocsTestExecutionListener, org.springframework.boot.test.autoconfigure.web.client.MockRestServiceServerResetTestExecutionListener, org.springframework.boot.test.autoconfigure.web.servlet.MockMvcPrintOnlyOnFailureTestExecutionListener, org.springframework.boot.test.autoconfigure.web.servlet.WebDriverTestExecutionListener, org.springframework.boot.test.mock.mockito.MockitoTestExecutionListener, org.springframework.boot.test.mock.mockito.ResetMocksTestExecutionListener, org.springframework.test.context.web.ServletTestExecutionListener, org.springframework.test.context.support.DirtiesContextBeforeModesTestExecutionListener, org.springframework.test.context.support.DependencyInjectionTestExecutionListener, org.springframework.test.context.support.DirtiesContextTestExecutionListener, org.springframework.test.context.transaction.TransactionalTestExecutionListener, org.springframework.test.context.jdbc.SqlScriptsTestExecutionListener]
2021-05-25 00:21:39.769  INFO 23285 --- [    Test worker] .b.t.c.SpringBootTestContextBootstrapper : Using TestExecutionListeners: [org.springframework.test.context.web.ServletTestExecutionListener@4fcef6c6, org.springframework.test.context.support.DirtiesContextBeforeModesTestExecutionListener@7dccf108, org.springframework.boot.test.mock.mockito.MockitoTestExecutionListener@34f09608, org.springframework.boot.test.autoconfigure.SpringBootDependencyInjectionTestExecutionListener@14e6301e, org.springframework.test.context.support.DirtiesContextTestExecutionListener@2c268c82, org.springframework.test.context.transaction.TransactionalTestExecutionListener@36786cbf, org.springframework.test.context.jdbc.SqlScriptsTestExecutionListener@688ecae, org.springframework.security.test.context.support.WithSecurityContextTestExecutionListener@23cb4aa1, org.springframework.security.test.context.support.ReactorContextTestExecutionListener@3b1190c6, org.springframework.boot.test.autoconfigure.restdocs.RestDocsTestExecutionListener@4e790e8f, org.springframework.boot.test.autoconfigure.web.client.MockRestServiceServerResetTestExecutionListener@fd56672, org.springframework.boot.test.autoconfigure.web.servlet.MockMvcPrintOnlyOnFailureTestExecutionListener@7632ab6b, org.springframework.boot.test.autoconfigure.web.servlet.WebDriverTestExecutionListener@419282cb, org.springframework.boot.test.mock.mockito.ResetMocksTestExecutionListener@4799e100]

  .   ____          _            __ _ _
 /\\ / ___'_ __ _ _(_)_ __  __ _ \ \ \ \
( ( )\___ | '_ | '_| | '_ \/ _` | \ \ \ \
 \\/  ___)| |_)| | | | | || (_| |  ) ) ) )
  '  |____| .__|_| |_|_| |_\__, | / / / /
 =========|_|==============|___/=/_/_/_/
 :: Spring Boot ::        (v2.1.9.RELEASE)

2021-05-25 00:21:39.817  INFO 23285 --- [    Test worker] c.s.book.web.IndexControllerTest         : Starting IndexControllerTest on gimsuhyeon-ui-MacBookAir.local with PID 23285 (started by i960107 in /Users/i960107/IdeaProjects/freelec-springboot2-webservice)
2021-05-25 00:21:39.818  INFO 23285 --- [    Test worker] c.s.book.web.IndexControllerTest         : No active profile set, falling back to default profiles: default
2021-05-25 00:21:40.742  INFO 23285 --- [    Test worker] .s.d.r.c.RepositoryConfigurationDelegate : Bootstrapping Spring Data repositories in DEFAULT mode.
2021-05-25 00:21:40.877  INFO 23285 --- [    Test worker] .s.d.r.c.RepositoryConfigurationDelegate : Finished Spring Data repository scanning in 115ms. Found 2 repository interfaces.
2021-05-25 00:21:41.449  INFO 23285 --- [    Test worker] trationDelegate$BeanPostProcessorChecker : Bean 'org.springframework.transaction.annotation.ProxyTransactionManagementConfiguration' of type [org.springframework.transaction.annotation.ProxyTransactionManagementConfiguration$$EnhancerBySpringCGLIB$$c032369b] is not eligible for getting processed by all BeanPostProcessors (for example: not eligible for auto-proxying)
2021-05-25 00:21:41.870  INFO 23285 --- [    Test worker] o.s.b.w.embedded.tomcat.TomcatWebServer  : Tomcat initialized with port(s): 0 (http)
2021-05-25 00:21:41.910  INFO 23285 --- [    Test worker] o.apache.catalina.core.StandardService   : Starting service [Tomcat]
2021-05-25 00:21:41.911  INFO 23285 --- [    Test worker] org.apache.catalina.core.StandardEngine  : Starting Servlet engine: [Apache Tomcat/9.0.26]
2021-05-25 00:21:42.058  INFO 23285 --- [    Test worker] o.a.c.c.C.[Tomcat].[localhost].[/]       : Initializing Spring embedded WebApplicationContext
2021-05-25 00:21:42.058  INFO 23285 --- [    Test worker] o.s.web.context.ContextLoader            : Root WebApplicationContext: initialization completed in 2237 ms
2021-05-25 00:21:42.541  INFO 23285 --- [    Test worker] com.zaxxer.hikari.HikariDataSource       : HikariPool-1 - Starting...
2021-05-25 00:21:42.730  INFO 23285 --- [    Test worker] com.zaxxer.hikari.HikariDataSource       : HikariPool-1 - Start completed.
2021-05-25 00:21:42.996  INFO 23285 --- [    Test worker] o.hibernate.jpa.internal.util.LogHelper  : HHH000204: Processing PersistenceUnitInfo [
	name: default
	...]
2021-05-25 00:21:43.059  INFO 23285 --- [    Test worker] org.hibernate.Version                    : HHH000412: Hibernate Core {5.3.12.Final}
2021-05-25 00:21:43.062  INFO 23285 --- [    Test worker] org.hibernate.cfg.Environment            : HHH000206: hibernate.properties not found
2021-05-25 00:21:43.117  INFO 23285 --- [    Test worker] o.hibernate.annotations.common.Version   : HCANN000001: Hibernate Commons Annotations {5.0.4.Final}
2021-05-25 00:21:43.263  INFO 23285 --- [    Test worker] org.hibernate.dialect.Dialect            : HHH000400: Using dialect: org.hibernate.dialect.MySQL5InnoDBDialect
Hibernate: drop table if exists posts
Hibernate: drop table if exists user
Hibernate: create table posts (id bigint not null auto_increment, created_date datetime, modified_date datetime, author varchar(255), content TEXT not null, title varchar(500) not null, primary key (id)) engine=InnoDB
Hibernate: create table user (id bigint not null auto_increment, created_date datetime, modified_date datetime, email varchar(255) not null, name varchar(255) not null, picture varchar(255), role varchar(255) not null, primary key (id)) engine=InnoDB
2021-05-25 00:21:44.230  INFO 23285 --- [    Test worker] o.h.t.schema.internal.SchemaCreatorImpl  : HHH000476: Executing import script 'org.hibernate.tool.schema.internal.exec.ScriptSourceInputNonExistentImpl@c8295ee'
2021-05-25 00:21:44.234  INFO 23285 --- [    Test worker] j.LocalContainerEntityManagerFactoryBean : Initialized JPA EntityManagerFactory for persistence unit 'default'
2021-05-25 00:21:45.234  INFO 23285 --- [    Test worker] o.h.h.i.QueryTranslatorFactoryInitiator  : HHH000397: Using ASTQueryTranslatorFactory
2021-05-25 00:21:45.734  INFO 23285 --- [    Test worker] o.s.s.web.DefaultSecurityFilterChain     : Creating filter chain: any request, [org.springframework.security.web.context.request.async.WebAsyncManagerIntegrationFilter@25962932, org.springframework.security.web.context.SecurityContextPersistenceFilter@5360e329, org.springframework.security.web.header.HeaderWriterFilter@f72bb01, org.springframework.security.web.authentication.logout.LogoutFilter@6a824992, org.springframework.security.oauth2.client.web.OAuth2AuthorizationRequestRedirectFilter@55d8c112, org.springframework.security.oauth2.client.web.OAuth2LoginAuthenticationFilter@2ae3eee5, org.springframework.security.web.authentication.ui.DefaultLoginPageGeneratingFilter@3eaf9cc5, org.springframework.security.web.authentication.ui.DefaultLogoutPageGeneratingFilter@41f37663, org.springframework.security.web.savedrequest.RequestCacheAwareFilter@6e4f7396, org.springframework.security.web.servletapi.SecurityContextHolderAwareRequestFilter@747f77ed, org.springframework.security.web.authentication.AnonymousAuthenticationFilter@74523c7e, org.springframework.security.web.session.SessionManagementFilter@6f64bfd8, org.springframework.security.web.access.ExceptionTranslationFilter@1b14d0db, org.springframework.security.web.access.intercept.FilterSecurityInterceptor@2e96bdb]
2021-05-25 00:21:46.168  INFO 23285 --- [    Test worker] o.s.s.concurrent.ThreadPoolTaskExecutor  : Initializing ExecutorService 'applicationTaskExecutor'
2021-05-25 00:21:46.232  WARN 23285 --- [    Test worker] aWebConfiguration$JpaWebMvcConfiguration : spring.jpa.open-in-view is enabled by default. Therefore, database queries may be performed during view rendering. Explicitly configure spring.jpa.open-in-view to disable this warning
2021-05-25 00:21:46.306  INFO 23285 --- [    Test worker] o.s.b.a.w.s.WelcomePageHandlerMapping    : Adding welcome page template: index
2021-05-25 00:21:46.828  INFO 23285 --- [    Test worker] s.a.ScheduledAnnotationBeanPostProcessor : No TaskScheduler/ScheduledExecutorService bean found for scheduled processing
2021-05-25 00:21:46.867  INFO 23285 --- [    Test worker] o.s.b.w.embedded.tomcat.TomcatWebServer  : Tomcat started on port(s): 54601 (http) with context path ''
2021-05-25 00:21:46.871  INFO 23285 --- [    Test worker] c.s.book.web.IndexControllerTest         : Started IndexControllerTest in 7.097 seconds (JVM running for 13.332)
2021-05-25 00:21:47.023  INFO 23285 --- [o-auto-1-exec-1] o.a.c.c.C.[Tomcat].[localhost].[/]       : Initializing Spring DispatcherServlet 'dispatcherServlet'
2021-05-25 00:21:47.025  INFO 23285 --- [o-auto-1-exec-1] o.s.web.servlet.DispatcherServlet        : Initializing Servlet 'dispatcherServlet'
2021-05-25 00:21:47.100  INFO 23285 --- [o-auto-1-exec-1] o.s.web.servlet.DispatcherServlet        : Completed initialization in 74 ms
Hibernate: select posts0_.id as id1_0_, posts0_.created_date as created_2_0_, posts0_.modified_date as modified3_0_, posts0_.author as author4_0_, posts0_.content as content5_0_, posts0_.title as title6_0_ from posts posts0_ order by posts0_.id DESC
]]></system-out>
  <system-err><![CDATA[]]></system-err>
</testsuite>
