<?xml version="1.0" encoding="UTF-8"?>
<testsuite name="com.springboot.book.web.HelloControllerTest" tests="2" skipped="0" failures="0" errors="0" timestamp="2021-05-27T02:59:37" hostname="gimsuhyeon-ui-MacBookAir.local" time="0.377">
  <properties/>
  <testcase name="hello가_리턴된다" classname="com.springboot.book.web.HelloControllerTest" time="0.25"/>
  <testcase name="helloDto가_리턴된다" classname="com.springboot.book.web.HelloControllerTest" time="0.124"/>
  <system-out><![CDATA[11:59:32.534 [Test worker] DEBUG org.springframework.test.context.junit4.SpringJUnit4ClassRunner - SpringJUnit4ClassRunner constructor called with [class com.springboot.book.web.HelloControllerTest]
11:59:32.541 [Test worker] DEBUG org.springframework.test.context.BootstrapUtils - Instantiating CacheAwareContextLoaderDelegate from class [org.springframework.test.context.cache.DefaultCacheAwareContextLoaderDelegate]
11:59:32.549 [Test worker] DEBUG org.springframework.test.context.BootstrapUtils - Instantiating BootstrapContext using constructor [public org.springframework.test.context.support.DefaultBootstrapContext(java.lang.Class,org.springframework.test.context.CacheAwareContextLoaderDelegate)]
11:59:32.582 [Test worker] DEBUG org.springframework.test.context.BootstrapUtils - Instantiating TestContextBootstrapper for test class [com.springboot.book.web.HelloControllerTest] from class [org.springframework.boot.test.autoconfigure.web.servlet.WebMvcTestContextBootstrapper]
11:59:32.601 [Test worker] INFO org.springframework.boot.test.autoconfigure.web.servlet.WebMvcTestContextBootstrapper - Neither @ContextConfiguration nor @ContextHierarchy found for test class [com.springboot.book.web.HelloControllerTest], using SpringBootContextLoader
11:59:32.603 [Test worker] DEBUG org.springframework.test.context.support.AbstractContextLoader - Did not detect default resource location for test class [com.springboot.book.web.HelloControllerTest]: class path resource [com/springboot/book/web/HelloControllerTest-context.xml] does not exist
11:59:32.603 [Test worker] DEBUG org.springframework.test.context.support.AbstractContextLoader - Did not detect default resource location for test class [com.springboot.book.web.HelloControllerTest]: class path resource [com/springboot/book/web/HelloControllerTestContext.groovy] does not exist
11:59:32.604 [Test worker] INFO org.springframework.test.context.support.AbstractContextLoader - Could not detect default resource locations for test class [com.springboot.book.web.HelloControllerTest]: no resource found for suffixes {-context.xml, Context.groovy}.
11:59:32.604 [Test worker] INFO org.springframework.test.context.support.AnnotationConfigContextLoaderUtils - Could not detect default configuration classes for test class [com.springboot.book.web.HelloControllerTest]: HelloControllerTest does not declare any static, non-private, non-final, nested classes annotated with @Configuration.
11:59:32.746 [Test worker] DEBUG org.springframework.test.context.support.ActiveProfilesUtils - Could not find an 'annotation declaring class' for annotation type [org.springframework.test.context.ActiveProfiles] and class [com.springboot.book.web.HelloControllerTest]
11:59:32.934 [Test worker] DEBUG org.springframework.context.annotation.ClassPathScanningCandidateComponentProvider - Identified candidate component class: file [/Users/i960107/IdeaProjects/freelec-springboot2-webservice/build/classes/java/main/com/springboot/book/Application.class]
11:59:32.940 [Test worker] INFO org.springframework.boot.test.context.SpringBootTestContextBootstrapper - Found @SpringBootConfiguration com.springboot.book.Application for test class com.springboot.book.web.HelloControllerTest
11:59:32.943 [Test worker] DEBUG org.springframework.boot.test.autoconfigure.web.servlet.WebMvcTestContextBootstrapper - @TestExecutionListeners is not present for class [com.springboot.book.web.HelloControllerTest]: using defaults.
11:59:32.943 [Test worker] INFO org.springframework.boot.test.autoconfigure.web.servlet.WebMvcTestContextBootstrapper - Loaded default TestExecutionListener class names from location [META-INF/spring.factories]: [org.springframework.security.test.context.support.WithSecurityContextTestExecutionListener, org.springframework.security.test.context.support.ReactorContextTestExecutionListener, org.springframework.boot.test.autoconfigure.restdocs.RestDocsTestExecutionListener, org.springframework.boot.test.autoconfigure.web.client.MockRestServiceServerResetTestExecutionListener, org.springframework.boot.test.autoconfigure.web.servlet.MockMvcPrintOnlyOnFailureTestExecutionListener, org.springframework.boot.test.autoconfigure.web.servlet.WebDriverTestExecutionListener, org.springframework.boot.test.mock.mockito.MockitoTestExecutionListener, org.springframework.boot.test.mock.mockito.ResetMocksTestExecutionListener, org.springframework.test.context.web.ServletTestExecutionListener, org.springframework.test.context.support.DirtiesContextBeforeModesTestExecutionListener, org.springframework.test.context.support.DependencyInjectionTestExecutionListener, org.springframework.test.context.support.DirtiesContextTestExecutionListener, org.springframework.test.context.transaction.TransactionalTestExecutionListener, org.springframework.test.context.jdbc.SqlScriptsTestExecutionListener]
11:59:32.962 [Test worker] INFO org.springframework.boot.test.autoconfigure.web.servlet.WebMvcTestContextBootstrapper - Using TestExecutionListeners: [org.springframework.test.context.web.ServletTestExecutionListener@216692a4, org.springframework.test.context.support.DirtiesContextBeforeModesTestExecutionListener@13914dd2, org.springframework.boot.test.mock.mockito.MockitoTestExecutionListener@273214ac, org.springframework.boot.test.autoconfigure.SpringBootDependencyInjectionTestExecutionListener@2904cbf3, org.springframework.test.context.support.DirtiesContextTestExecutionListener@3c628fc5, org.springframework.test.context.transaction.TransactionalTestExecutionListener@2584ba46, org.springframework.test.context.jdbc.SqlScriptsTestExecutionListener@12244d2e, org.springframework.security.test.context.support.WithSecurityContextTestExecutionListener@1d7057ca, org.springframework.security.test.context.support.ReactorContextTestExecutionListener@35c4ff06, org.springframework.boot.test.autoconfigure.restdocs.RestDocsTestExecutionListener@35122572, org.springframework.boot.test.autoconfigure.web.client.MockRestServiceServerResetTestExecutionListener@5ef43c3, org.springframework.boot.test.autoconfigure.web.servlet.MockMvcPrintOnlyOnFailureTestExecutionListener@1a3e8ab3, org.springframework.boot.test.autoconfigure.web.servlet.WebDriverTestExecutionListener@8107a3d, org.springframework.boot.test.mock.mockito.ResetMocksTestExecutionListener@2c0df7f8]
11:59:32.963 [Test worker] DEBUG org.springframework.test.annotation.ProfileValueUtils - Retrieved @ProfileValueSourceConfiguration [null] for test class [com.springboot.book.web.HelloControllerTest]
11:59:32.965 [Test worker] DEBUG org.springframework.test.annotation.ProfileValueUtils - Retrieved ProfileValueSource type [class org.springframework.test.annotation.SystemProfileValueSource] for class [com.springboot.book.web.HelloControllerTest]
11:59:32.966 [Test worker] DEBUG org.springframework.test.annotation.ProfileValueUtils - Retrieved @ProfileValueSourceConfiguration [null] for test class [com.springboot.book.web.HelloControllerTest]
11:59:32.967 [Test worker] DEBUG org.springframework.test.annotation.ProfileValueUtils - Retrieved ProfileValueSource type [class org.springframework.test.annotation.SystemProfileValueSource] for class [com.springboot.book.web.HelloControllerTest]
11:59:32.970 [Test worker] DEBUG org.springframework.test.context.support.AbstractDirtiesContextTestExecutionListener - Before test class: context [DefaultTestContext@74b9ccf9 testClass = HelloControllerTest, testInstance = [null], testMethod = [null], testException = [null], mergedContextConfiguration = [WebMergedContextConfiguration@307d31de testClass = HelloControllerTest, locations = '{}', classes = '{class com.springboot.book.Application}', contextInitializerClasses = '[]', activeProfiles = '{}', propertySourceLocations = '{}', propertySourceProperties = '{org.springframework.boot.test.autoconfigure.web.servlet.WebMvcTestContextBootstrapper=true}', contextCustomizers = set[org.springframework.boot.test.autoconfigure.OverrideAutoConfigurationContextCustomizerFactory$DisableAutoConfigurationContextCustomizer@2102e5fd, org.springframework.boot.test.autoconfigure.filter.TypeExcludeFiltersContextCustomizer@a472ad8c, org.springframework.boot.test.autoconfigure.properties.PropertyMappingContextCustomizer@95a926f1, org.springframework.boot.test.autoconfigure.web.servlet.WebDriverContextCustomizerFactory$Customizer@ca5a689, [ImportsContextCustomizer@1badbe02 key = [org.springframework.boot.autoconfigure.cache.CacheAutoConfiguration, org.springframework.boot.autoconfigure.context.MessageSourceAutoConfiguration, org.springframework.boot.autoconfigure.data.web.SpringDataWebAutoConfiguration, org.springframework.boot.autoconfigure.freemarker.FreeMarkerAutoConfiguration, org.springframework.boot.autoconfigure.groovy.template.GroovyTemplateAutoConfiguration, org.springframework.boot.autoconfigure.gson.GsonAutoConfiguration, org.springframework.boot.autoconfigure.hateoas.HypermediaAutoConfiguration, org.springframework.boot.autoconfigure.http.HttpMessageConvertersAutoConfiguration, org.springframework.boot.autoconfigure.jackson.JacksonAutoConfiguration, org.springframework.boot.autoconfigure.jsonb.JsonbAutoConfiguration, org.springframework.boot.autoconfigure.mustache.MustacheAutoConfiguration, org.springframework.boot.autoconfigure.task.TaskExecutionAutoConfiguration, org.springframework.boot.autoconfigure.thymeleaf.ThymeleafAutoConfiguration, org.springframework.boot.autoconfigure.validation.ValidationAutoConfiguration, org.springframework.boot.autoconfigure.web.servlet.error.ErrorMvcAutoConfiguration, org.springframework.boot.autoconfigure.web.servlet.WebMvcAutoConfiguration, org.springframework.boot.test.autoconfigure.web.servlet.MockMvcAutoConfiguration, org.springframework.boot.test.autoconfigure.web.servlet.MockMvcSecurityAutoConfiguration, org.springframework.boot.test.autoconfigure.web.servlet.MockMvcWebClientAutoConfiguration, org.springframework.boot.test.autoconfigure.web.servlet.MockMvcWebDriverAutoConfiguration]], org.springframework.boot.test.context.filter.ExcludeFilterContextCustomizer@1382f8e5, org.springframework.boot.test.json.DuplicateJsonObjectContextCustomizerFactory$DuplicateJsonObjectContextCustomizer@71035340, org.springframework.boot.test.mock.mockito.MockitoContextCustomizer@0], resourceBasePath = 'src/main/webapp', contextLoader = 'org.springframework.boot.test.context.SpringBootContextLoader', parent = [null]], attributes = map[[empty]]], class annotated with @DirtiesContext [false] with mode [null].
11:59:32.971 [Test worker] DEBUG org.springframework.test.annotation.ProfileValueUtils - Retrieved @ProfileValueSourceConfiguration [null] for test class [com.springboot.book.web.HelloControllerTest]
11:59:32.972 [Test worker] DEBUG org.springframework.test.annotation.ProfileValueUtils - Retrieved ProfileValueSource type [class org.springframework.test.annotation.SystemProfileValueSource] for class [com.springboot.book.web.HelloControllerTest]
11:59:32.980 [Test worker] DEBUG org.springframework.test.context.support.DependencyInjectionTestExecutionListener - Performing dependency injection for test context [[DefaultTestContext@74b9ccf9 testClass = HelloControllerTest, testInstance = com.springboot.book.web.HelloControllerTest@1185fa8a, testMethod = [null], testException = [null], mergedContextConfiguration = [WebMergedContextConfiguration@307d31de testClass = HelloControllerTest, locations = '{}', classes = '{class com.springboot.book.Application}', contextInitializerClasses = '[]', activeProfiles = '{}', propertySourceLocations = '{}', propertySourceProperties = '{org.springframework.boot.test.autoconfigure.web.servlet.WebMvcTestContextBootstrapper=true}', contextCustomizers = set[org.springframework.boot.test.autoconfigure.OverrideAutoConfigurationContextCustomizerFactory$DisableAutoConfigurationContextCustomizer@2102e5fd, org.springframework.boot.test.autoconfigure.filter.TypeExcludeFiltersContextCustomizer@a472ad8c, org.springframework.boot.test.autoconfigure.properties.PropertyMappingContextCustomizer@95a926f1, org.springframework.boot.test.autoconfigure.web.servlet.WebDriverContextCustomizerFactory$Customizer@ca5a689, [ImportsContextCustomizer@1badbe02 key = [org.springframework.boot.autoconfigure.cache.CacheAutoConfiguration, org.springframework.boot.autoconfigure.context.MessageSourceAutoConfiguration, org.springframework.boot.autoconfigure.data.web.SpringDataWebAutoConfiguration, org.springframework.boot.autoconfigure.freemarker.FreeMarkerAutoConfiguration, org.springframework.boot.autoconfigure.groovy.template.GroovyTemplateAutoConfiguration, org.springframework.boot.autoconfigure.gson.GsonAutoConfiguration, org.springframework.boot.autoconfigure.hateoas.HypermediaAutoConfiguration, org.springframework.boot.autoconfigure.http.HttpMessageConvertersAutoConfiguration, org.springframework.boot.autoconfigure.jackson.JacksonAutoConfiguration, org.springframework.boot.autoconfigure.jsonb.JsonbAutoConfiguration, org.springframework.boot.autoconfigure.mustache.MustacheAutoConfiguration, org.springframework.boot.autoconfigure.task.TaskExecutionAutoConfiguration, org.springframework.boot.autoconfigure.thymeleaf.ThymeleafAutoConfiguration, org.springframework.boot.autoconfigure.validation.ValidationAutoConfiguration, org.springframework.boot.autoconfigure.web.servlet.error.ErrorMvcAutoConfiguration, org.springframework.boot.autoconfigure.web.servlet.WebMvcAutoConfiguration, org.springframework.boot.test.autoconfigure.web.servlet.MockMvcAutoConfiguration, org.springframework.boot.test.autoconfigure.web.servlet.MockMvcSecurityAutoConfiguration, org.springframework.boot.test.autoconfigure.web.servlet.MockMvcWebClientAutoConfiguration, org.springframework.boot.test.autoconfigure.web.servlet.MockMvcWebDriverAutoConfiguration]], org.springframework.boot.test.context.filter.ExcludeFilterContextCustomizer@1382f8e5, org.springframework.boot.test.json.DuplicateJsonObjectContextCustomizerFactory$DuplicateJsonObjectContextCustomizer@71035340, org.springframework.boot.test.mock.mockito.MockitoContextCustomizer@0], resourceBasePath = 'src/main/webapp', contextLoader = 'org.springframework.boot.test.context.SpringBootContextLoader', parent = [null]], attributes = map[[empty]]]].
11:59:33.102 [Test worker] DEBUG org.springframework.test.context.support.TestPropertySourceUtils - Adding inlined properties to environment: {spring.jmx.enabled=false, org.springframework.boot.test.autoconfigure.web.servlet.WebMvcTestContextBootstrapper=true, server.port=-1}

  .   ____          _            __ _ _
 /\\ / ___'_ __ _ _(_)_ __  __ _ \ \ \ \
( ( )\___ | '_ | '_| | '_ \/ _` | \ \ \ \
 \\/  ___)| |_)| | | | | || (_| |  ) ) ) )
  '  |____| .__|_| |_|_| |_\__, | / / / /
 =========|_|==============|___/=/_/_/_/
 :: Spring Boot ::        (v2.1.9.RELEASE)

2021-05-27 11:59:33.599  INFO 2675 --- [    Test worker] c.s.book.web.HelloControllerTest         : Starting HelloControllerTest on gimsuhyeon-ui-MacBookAir.local with PID 2675 (started by i960107 in /Users/i960107/IdeaProjects/freelec-springboot2-webservice)
2021-05-27 11:59:33.611  INFO 2675 --- [    Test worker] c.s.book.web.HelloControllerTest         : No active profile set, falling back to default profiles: default
2021-05-27 11:59:36.338  INFO 2675 --- [    Test worker] o.s.s.concurrent.ThreadPoolTaskExecutor  : Initializing ExecutorService 'applicationTaskExecutor'
2021-05-27 11:59:36.509  INFO 2675 --- [    Test worker] o.s.b.a.w.s.WelcomePageHandlerMapping    : Adding welcome page template: index
2021-05-27 11:59:37.196  INFO 2675 --- [    Test worker] .s.s.UserDetailsServiceAutoConfiguration : 

Using generated security password: 234ff2fb-b88c-40fd-9191-f8f21bc15307

2021-05-27 11:59:37.432  INFO 2675 --- [    Test worker] o.s.s.web.DefaultSecurityFilterChain     : Creating filter chain: any request, [org.springframework.security.web.context.request.async.WebAsyncManagerIntegrationFilter@22e1b126, org.springframework.security.web.context.SecurityContextPersistenceFilter@5d73842b, org.springframework.security.web.header.HeaderWriterFilter@39ef30b5, org.springframework.security.web.csrf.CsrfFilter@64ec3498, org.springframework.security.web.authentication.logout.LogoutFilter@697ca20d, org.springframework.security.web.authentication.UsernamePasswordAuthenticationFilter@3d0a1875, org.springframework.security.web.authentication.ui.DefaultLoginPageGeneratingFilter@7771b0c7, org.springframework.security.web.authentication.ui.DefaultLogoutPageGeneratingFilter@1faa719b, org.springframework.security.web.authentication.www.BasicAuthenticationFilter@4e0aac5b, org.springframework.security.web.savedrequest.RequestCacheAwareFilter@344357d3, org.springframework.security.web.servletapi.SecurityContextHolderAwareRequestFilter@7f896dbb, org.springframework.security.web.authentication.AnonymousAuthenticationFilter@152d9848, org.springframework.security.web.session.SessionManagementFilter@189314ec, org.springframework.security.web.access.ExceptionTranslationFilter@81519cf, org.springframework.security.web.access.intercept.FilterSecurityInterceptor@247b2e0c]
2021-05-27 11:59:37.519  INFO 2675 --- [    Test worker] o.s.b.t.m.w.SpringBootMockServletContext : Initializing Spring TestDispatcherServlet ''
2021-05-27 11:59:37.519  INFO 2675 --- [    Test worker] o.s.t.web.servlet.TestDispatcherServlet  : Initializing Servlet ''
2021-05-27 11:59:37.540  INFO 2675 --- [    Test worker] o.s.t.web.servlet.TestDispatcherServlet  : Completed initialization in 21 ms
2021-05-27 11:59:37.659  INFO 2675 --- [    Test worker] c.s.book.web.HelloControllerTest         : Started HelloControllerTest in 4.546 seconds (JVM running for 6.136)
]]></system-out>
  <system-err><![CDATA[]]></system-err>
</testsuite>
