<?xml version="1.0" encoding="UTF-8"?>
<testsuite name="com.springboot.book.web.dto.HelloResponseDtoTest" tests="1" skipped="0" failures="0" errors="0" timestamp="2021-05-27T02:59:32" hostname="gimsuhyeon-ui-MacBookAir.local" time="0.06">
  <properties/>
  <testcase name="롬복_기능_테스트" classname="com.springboot.book.web.dto.HelloResponseDtoTest" time="0.06"/>
  <system-out><![CDATA[]]></system-out>
  <system-err><![CDATA[]]></system-err>
</testsuite>
